<?xml version="1.0" encoding="UTF-8"?>
<!-- Generated by org.testng.reporters.JUnitReportReporter -->
<testsuite hostname="DESKTOP-HE4QSM0" name="testCases.VerifyLoginPageWithReports1" tests="1" failures="0" timestamp="12 Feb 2017 07:08:34 GMT" time="30.173" errors="0">
  <testcase name="testLoginPage" time="30.173" classname="testCases.VerifyLoginPageWithReports1"/>
</testsuite> <!-- testCases.VerifyLoginPageWithReports1 -->
