<?xml version="1.0" encoding="UTF-8"?>
<!-- Generated by org.testng.reporters.JUnitReportReporter -->
<testsuite hostname="DESKTOP-HE4QSM0" name="testCases.VerifyLoginPage" tests="1" failures="0" timestamp="11 Feb 2017 08:58:14 GMT" time="34.431" errors="0">
  <testcase name="testLoginPage" time="34.431" classname="testCases.VerifyLoginPage"/>
</testsuite> <!-- testCases.VerifyLoginPage -->
