<?xml version="1.0" encoding="UTF-8"?>
<!-- Generated by org.testng.reporters.JUnitReportReporter -->
<testsuite hostname="DESKTOP-HE4QSM0" name="testCases.VerifyHomePage" tests="1" failures="0" timestamp="11 Feb 2017 08:58:14 GMT" time="27.081" errors="0">
  <testcase name="testHomePage" time="27.081" classname="testCases.VerifyHomePage"/>
</testsuite> <!-- testCases.VerifyHomePage -->
