<?xml version="1.0" encoding="UTF-8"?>
<!-- Generated by org.testng.reporters.JUnitReportReporter -->
<testsuite hostname="DESKTOP-HE4QSM0" name="testCases.VerifyLoginPageWithReports" tests="1" failures="0" timestamp="12 Feb 2017 06:28:55 GMT" time="47.394" errors="0">
  <testcase name="testLoginPage" time="47.394" classname="testCases.VerifyLoginPageWithReports"/>
</testsuite> <!-- testCases.VerifyLoginPageWithReports -->
