<?xml version="1.0" encoding="UTF-8"?>
<!-- Generated by org.testng.reporters.JUnitReportReporter -->
<testsuite hostname="DESKTOP-HE4QSM0" name="testCases.VerifyHomePage" tests="2" failures="0" timestamp="12 Feb 2017 07:19:03 GMT" time="54.822" errors="0">
  <testcase name="testHomePage" time="39.145" classname="testCases.VerifyHomePage"/>
  <testcase name="testHomePage" time="15.677" classname="testCases.VerifyHomePage"/>
</testsuite> <!-- testCases.VerifyHomePage -->
