<?xml version="1.0" encoding="UTF-8"?>
<!-- Generated by org.testng.reporters.JUnitReportReporter -->
<testsuite hostname="DESKTOP-HE4QSM0" name="testCases.VerifyLoginPage" tests="2" failures="0" timestamp="12 Feb 2017 07:19:03 GMT" time="56.951" errors="0">
  <testcase name="testLoginPage" time="32.483" classname="testCases.VerifyLoginPage"/>
  <testcase name="testLoginPage" time="24.468" classname="testCases.VerifyLoginPage"/>
</testsuite> <!-- testCases.VerifyLoginPage -->
